{"contracts\\AirDrop.sol":{"l":{"17":3,"18":3,"30":0,"34":0,"36":0,"37":0,"38":0,"39":0,"43":0,"47":0,"50":0,"55":0},"path":"C:\\MerkleAirDrop\\contracts\\AirDrop.sol","s":{"1":3,"2":3,"3":0,"4":0,"5":0,"6":0,"7":0,"8":0,"9":0,"10":0,"11":0,"12":0},"b":{"1":[0,0],"2":[0,0],"3":[0,0],"4":[0,0]},"f":{"1":3,"2":0},"fnMap":{"1":{"name":"constructor","line":16,"loc":{"start":{"line":16,"column":4},"end":{"line":19,"column":4}}},"2":{"name":"redeem","line":25,"loc":{"start":{"line":25,"column":4},"end":{"line":58,"column":4}}}},"statementMap":{"1":{"start":{"line":17,"column":8},"end":{"line":17,"column":21}},"2":{"start":{"line":18,"column":8},"end":{"line":18,"column":63}},"3":{"start":{"line":30,"column":8},"end":{"line":30,"column":907}},"4":{"start":{"line":34,"column":8},"end":{"line":34,"column":57}},"5":{"start":{"line":36,"column":8},"end":{"line":36,"column":75}},"6":{"start":{"line":37,"column":8},"end":{"line":37,"column":1176}},"7":{"start":{"line":38,"column":12},"end":{"line":38,"column":1240}},"8":{"start":{"line":39,"column":16},"end":{"line":39,"column":1286}},"9":{"start":{"line":43,"column":16},"end":{"line":43,"column":1430}},"10":{"start":{"line":47,"column":12},"end":{"line":47,"column":20}},"11":{"start":{"line":50,"column":8},"end":{"line":50,"column":1585}},"12":{"start":{"line":55,"column":8},"end":{"line":55,"column":34}}},"branchMap":{"1":{"line":30,"type":"if","locations":[{"start":{"line":30,"column":8},"end":{"line":30,"column":8}},{"start":{"line":30,"column":8},"end":{"line":30,"column":8}}]},"2":{"line":34,"type":"if","locations":[{"start":{"line":34,"column":8},"end":{"line":34,"column":8}},{"start":{"line":34,"column":8},"end":{"line":34,"column":8}}]},"3":{"line":38,"type":"if","locations":[{"start":{"line":38,"column":12},"end":{"line":38,"column":12}},{"start":{"line":38,"column":12},"end":{"line":38,"column":12}}]},"4":{"line":50,"type":"if","locations":[{"start":{"line":50,"column":8},"end":{"line":50,"column":8}},{"start":{"line":50,"column":8},"end":{"line":50,"column":8}}]}}},"contracts\\Token.sol":{"l":{"20":3,"26":5,"27":3},"path":"C:\\MerkleAirDrop\\contracts\\Token.sol","s":{"1":3,"2":5,"3":3},"b":{"1":[3,2]},"f":{"1":3,"2":5},"fnMap":{"1":{"name":"constructor","line":19,"loc":{"start":{"line":15,"column":4},"end":{"line":21,"column":4}}},"2":{"name":"mint","line":25,"loc":{"start":{"line":25,"column":4},"end":{"line":28,"column":4}}}},"statementMap":{"1":{"start":{"line":20,"column":8},"end":{"line":20,"column":25}},"2":{"start":{"line":26,"column":8},"end":{"line":26,"column":66}},"3":{"start":{"line":27,"column":8},"end":{"line":27,"column":35}}},"branchMap":{"1":{"line":26,"type":"if","locations":[{"start":{"line":26,"column":8},"end":{"line":26,"column":8}},{"start":{"line":26,"column":8},"end":{"line":26,"column":8}}]}}}}