{"contracts\\AirDrop.sol":{"l":{"21":4,"22":4,"23":4,"24":4,"28":7,"32":3,"41":2,"53":8,"54":6,"57":4,"58":4,"60":4,"61":4,"62":12,"63":4,"67":8,"71":12,"74":4,"79":2,"81":2,"83":2,"89":1,"90":1,"91":1},"path":"C:\\MerkleAirDrop\\contracts\\AirDrop.sol","s":{"1":4,"2":4,"3":4,"4":4,"5":7,"6":2,"7":8,"8":6,"9":4,"10":4,"11":4,"12":4,"13":12,"14":4,"15":8,"16":12,"17":4,"18":2,"19":2,"20":2,"21":1,"22":1,"23":1},"b":{"1":[3,4],"2":[6,2],"3":[4,2],"4":[4,8],"5":[2,2]},"f":{"1":4,"2":7,"3":2,"4":8,"5":1},"fnMap":{"1":{"name":"constructor","line":20,"loc":{"start":{"line":20,"column":4},"end":{"line":25,"column":4}}},"2":{"name":"onlyOwner","line":27,"loc":{"start":{"line":27,"column":4},"end":{"line":33,"column":4}}},"3":{"name":"updateMerkleRoot","line":39,"loc":{"start":{"line":37,"column":4},"end":{"line":42,"column":4}}},"4":{"name":"redeem","line":48,"loc":{"start":{"line":48,"column":4},"end":{"line":84,"column":4}}},"5":{"name":"cancelAirDrop","line":88,"loc":{"start":{"line":88,"column":4},"end":{"line":92,"column":4}}}},"statementMap":{"1":{"start":{"line":21,"column":8},"end":{"line":21,"column":25}},"2":{"start":{"line":22,"column":8},"end":{"line":22,"column":21}},"3":{"start":{"line":23,"column":8},"end":{"line":23,"column":63}},"4":{"start":{"line":24,"column":8},"end":{"line":24,"column":41}},"5":{"start":{"line":28,"column":8},"end":{"line":28,"column":894}},"6":{"start":{"line":41,"column":8},"end":{"line":41,"column":63}},"7":{"start":{"line":53,"column":8},"end":{"line":53,"column":98}},"8":{"start":{"line":54,"column":8},"end":{"line":54,"column":67}},"9":{"start":{"line":57,"column":8},"end":{"line":57,"column":28}},"10":{"start":{"line":58,"column":8},"end":{"line":58,"column":47}},"11":{"start":{"line":60,"column":8},"end":{"line":60,"column":75}},"12":{"start":{"line":61,"column":8},"end":{"line":61,"column":2034}},"13":{"start":{"line":62,"column":12},"end":{"line":62,"column":2099}},"14":{"start":{"line":63,"column":16},"end":{"line":63,"column":2146}},"15":{"start":{"line":67,"column":16},"end":{"line":67,"column":2294}},"16":{"start":{"line":71,"column":12},"end":{"line":71,"column":20}},"17":{"start":{"line":74,"column":8},"end":{"line":74,"column":2456}},"18":{"start":{"line":79,"column":8},"end":{"line":79,"column":34}},"19":{"start":{"line":81,"column":8},"end":{"line":81,"column":42}},"20":{"start":{"line":83,"column":8},"end":{"line":83,"column":40}},"21":{"start":{"line":89,"column":8},"end":{"line":89,"column":64}},"22":{"start":{"line":90,"column":8},"end":{"line":90,"column":45}},"23":{"start":{"line":91,"column":8},"end":{"line":91,"column":31}}},"branchMap":{"1":{"line":28,"type":"if","locations":[{"start":{"line":28,"column":8},"end":{"line":28,"column":8}},{"start":{"line":28,"column":8},"end":{"line":28,"column":8}}]},"2":{"line":53,"type":"if","locations":[{"start":{"line":53,"column":8},"end":{"line":53,"column":8}},{"start":{"line":53,"column":8},"end":{"line":53,"column":8}}]},"3":{"line":54,"type":"if","locations":[{"start":{"line":54,"column":8},"end":{"line":54,"column":8}},{"start":{"line":54,"column":8},"end":{"line":54,"column":8}}]},"4":{"line":62,"type":"if","locations":[{"start":{"line":62,"column":12},"end":{"line":62,"column":12}},{"start":{"line":62,"column":12},"end":{"line":62,"column":12}}]},"5":{"line":74,"type":"if","locations":[{"start":{"line":74,"column":8},"end":{"line":74,"column":8}},{"start":{"line":74,"column":8},"end":{"line":74,"column":8}}]}}},"contracts\\Token.sol":{"l":{"20":4,"28":6,"29":4},"path":"C:\\MerkleAirDrop\\contracts\\Token.sol","s":{"1":4,"2":6,"3":4},"b":{"1":[4,2]},"f":{"1":4,"2":6},"fnMap":{"1":{"name":"constructor","line":19,"loc":{"start":{"line":15,"column":4},"end":{"line":21,"column":4}}},"2":{"name":"mint","line":27,"loc":{"start":{"line":27,"column":4},"end":{"line":30,"column":4}}}},"statementMap":{"1":{"start":{"line":20,"column":8},"end":{"line":20,"column":25}},"2":{"start":{"line":28,"column":8},"end":{"line":28,"column":66}},"3":{"start":{"line":29,"column":8},"end":{"line":29,"column":35}}},"branchMap":{"1":{"line":28,"type":"if","locations":[{"start":{"line":28,"column":8},"end":{"line":28,"column":8}},{"start":{"line":28,"column":8},"end":{"line":28,"column":8}}]}}}}